[debug] [2025-06-22T13:57:56.266Z] ----------------------------------------------------------------------
[debug] [2025-06-22T13:57:56.270Z] Command:       C:\Program Files\nodejs\node.exe C:\Users\Brice\AppData\Roaming\npm\node_modules\firebase-tools\lib\bin\firebase.js use --add
[debug] [2025-06-22T13:57:56.271Z] CLI Version:   14.6.0
[debug] [2025-06-22T13:57:56.271Z] Platform:      win32
[debug] [2025-06-22T13:57:56.272Z] Node Version:  v22.16.0
[debug] [2025-06-22T13:57:56.272Z] Time:          Sun Jun 22 2025 15:57:56 GMT+0200 (heure d’été d’Europe centrale)
[debug] [2025-06-22T13:57:56.272Z] ----------------------------------------------------------------------
[debug] 
[debug] [2025-06-22T13:57:56.421Z] > command requires scopes: ["email","openid","https://www.googleapis.com/auth/cloudplatformprojects.readonly","https://www.googleapis.com/auth/firebase","https://www.googleapis.com/auth/cloud-platform"]
[debug] [2025-06-22T13:57:56.421Z] > authorizing via signed-in user (brice.paneela@gmail.com)
[debug] [2025-06-22T13:57:56.422Z] Checked if tokens are valid: true, expires at: 1750604242538
[debug] [2025-06-22T13:57:56.422Z] Checked if tokens are valid: true, expires at: 1750604242538
[debug] [2025-06-22T13:57:56.423Z] >>> [apiv2][query] GET https://firebase.googleapis.com/v1beta1/projects pageSize=1000
[debug] [2025-06-22T13:57:56.859Z] <<< [apiv2][status] GET https://firebase.googleapis.com/v1beta1/projects 200
[debug] [2025-06-22T13:57:56.860Z] <<< [apiv2][body] GET https://firebase.googleapis.com/v1beta1/projects [omitted]
[debug] [2025-06-22T13:58:21.955Z] ExitPromptError: User force closed the prompt with SIGINT
    at Interface.sigint (C:\Users\Brice\AppData\Roaming\npm\node_modules\firebase-tools\node_modules\@inquirer\core\dist\commonjs\lib\create-prompt.js:101:37)
    at Interface.emit (node:events:518:28)
    at Interface.emit (node:domain:489:12)
    at [_ttyWrite] [as _ttyWrite] (node:internal/readline/interface:1128:18)
    at ReadStream.onkeypress (node:internal/readline/interface:267:20)
    at ReadStream.emit (node:events:530:35)
    at ReadStream.emit (node:domain:489:12)
    at emitKeys (node:internal/readline/utils:370:14)
    at emitKeys.next (<anonymous>)
    at ReadStream.onData (node:internal/readline/emitKeypressEvents:64:36)
[error] 
[error] Error: An unexpected error has occurred.
